<?xml version="1.0" encoding="UTF-8"?>
<!-- Generated by org.testng.reporters.JUnitXMLReporter -->
<testsuite hostname="DELL" ignored="0" name="Test" tests="3" failures="0" timestamp="2019-10-19T09:59:25 IST" time="76.06" errors="0">
  <testcase name="validateTestTitle" time="0.048" classname="Com.Wordpress.qa.Test.LoginpageTest"/>
  <testcase name="logintest" time="6.521" classname="Com.Wordpress.qa.Test.LoginpageTest"/>
  <testcase name="SearchButtonDataTest" time="23.079" classname="Com.Wordpress.qa.Test.HomepageTest"/>
</testsuite> <!-- Test -->
